<?xml version="1.0" encoding="UTF-8"?>
<testng-results ignored="0" total="2" passed="2" failed="0" skipped="0">
  <reporter-output>
  </reporter-output>
  <suite started-at="2025-11-01T13:38:03 ICT" name="Default suite" finished-at="2025-11-01T13:38:41 ICT" duration-ms="38517">
    <groups>
    </groups>
    <test started-at="2025-11-01T13:38:03 ICT" name="Default test" finished-at="2025-11-01T13:38:41 ICT" duration-ms="38517">
      <class name="TG.Testcases.HuyUngTuyenTGTest">
        <test-method is-config="true" signature="setup()[pri:0, instance:TG.Testcases.HuyUngTuyenTGTest@6bf0219d]" started-at="2025-11-01T13:38:03 ICT" name="setup" finished-at="2025-11-01T13:38:30 ICT" duration-ms="27450" status="PASS">
          <reporter-output>
          </reporter-output>
        </test-method> <!-- setup -->
        <test-method signature="TC01_CancelbutNo()[pri:1, instance:TG.Testcases.HuyUngTuyenTGTest@6bf0219d]" started-at="2025-11-01T13:38:30 ICT" name="TC01_CancelbutNo" finished-at="2025-11-01T13:38:37 ICT" duration-ms="6754" status="PASS">
          <reporter-output>
          </reporter-output>
        </test-method> <!-- TC01_CancelbutNo -->
        <test-method signature="TC02_Cancel()[pri:2, instance:TG.Testcases.HuyUngTuyenTGTest@6bf0219d]" started-at="2025-11-01T13:38:37 ICT" name="TC02_Cancel" finished-at="2025-11-01T13:38:41 ICT" duration-ms="4291" status="PASS">
          <reporter-output>
          </reporter-output>
        </test-method> <!-- TC02_Cancel -->
        <test-method is-config="true" signature="teardown()[pri:0, instance:TG.Testcases.HuyUngTuyenTGTest@6bf0219d]" started-at="2025-11-01T13:38:41 ICT" name="teardown" finished-at="2025-11-01T13:38:41 ICT" duration-ms="0" status="PASS">
          <reporter-output>
          </reporter-output>
        </test-method> <!-- teardown -->
      </class> <!-- TG.Testcases.HuyUngTuyenTGTest -->
    </test> <!-- Default test -->
  </suite> <!-- Default suite -->
</testng-results>
