<?xml version="1.0" encoding="UTF-8"?>
<testng-results ignored="0" total="3" passed="2" failed="1" skipped="0">
  <reporter-output>
  </reporter-output>
  <suite started-at="2025-11-24T21:36:25 ICT" name="Default suite" finished-at="2025-11-24T21:37:24 ICT" duration-ms="58570">
    <groups>
    </groups>
    <test started-at="2025-11-24T21:36:25 ICT" name="Default test" finished-at="2025-11-24T21:37:24 ICT" duration-ms="58570">
      <class name="TG.Testcases.TKThongBaoTest">
        <test-method is-config="true" signature="setup()[pri:0, instance:TG.Testcases.TKThongBaoTest@12299890]" started-at="2025-11-24T21:36:25 ICT" name="setup" finished-at="2025-11-24T21:36:56 ICT" duration-ms="31422" status="PASS">
          <reporter-output>
          </reporter-output>
        </test-method> <!-- setup -->
        <test-method signature="TC01_SearchTBnoResult()[pri:1, instance:TG.Testcases.TKThongBaoTest@12299890]" started-at="2025-11-24T21:36:56 ICT" name="TC01_SearchTBnoResult" finished-at="2025-11-24T21:37:13 ICT" duration-ms="16749" status="PASS">
          <reporter-output>
          </reporter-output>
        </test-method> <!-- TC01_SearchTBnoResult -->
        <test-method signature="TC02_SearchTitle()[pri:2, instance:TG.Testcases.TKThongBaoTest@12299890]" started-at="2025-11-24T21:37:13 ICT" name="TC02_SearchTitle" finished-at="2025-11-24T21:37:23 ICT" duration-ms="9870" status="PASS">
          <reporter-output>
          </reporter-output>
        </test-method> <!-- TC02_SearchTitle -->
        <test-method signature="TC03_SearchND()[pri:3, instance:TG.Testcases.TKThongBaoTest@12299890]" started-at="2025-11-24T21:37:23 ICT" name="TC03_SearchND" finished-at="2025-11-24T21:37:23 ICT" duration-ms="218" status="FAIL">
          <exception class="org.openqa.selenium.StaleElementReferenceException">
            <message>
              <![CDATA[stale element reference: stale element not found in the current frame
  (Session info: chrome=142.0.7444.176)
For documentation on this error, please visit: https://www.selenium.dev/documentation/webdriver/troubleshooting/errors#stale-element-reference-exception
Build info: version: '4.23.0', revision: '4df0a231af'
System info: os.name: 'Windows 11', os.arch: 'amd64', os.version: '10.0', java.version: '21.0.8'
Driver info: org.openqa.selenium.chrome.ChromeDriver
Command: [d44e252a26c82678bf24ed1c51da7e7d, isElementDisplayed {id=f.E86C0B1B8892597B54AA6E672998551F.d.D0D50A9EB1D8B02630AB2B0F6D6EAABC.e.59}]
Capabilities {acceptInsecureCerts: false, browserName: chrome, browserVersion: 142.0.7444.176, chrome: {chromedriverVersion: 142.0.7444.162 (c076baf266c..., userDataDir: C:\Users\PC\AppData\Local\T...}, fedcm:accounts: true, goog:chromeOptions: {debuggerAddress: localhost:55933}, goog:processID: 7548, networkConnectionEnabled: false, pageLoadStrategy: normal, platformName: windows, proxy: Proxy(), se:cdp: ws://localhost:55933/devtoo..., se:cdpVersion: 142.0.7444.176, setWindowRect: true, strictFileInteractability: false, timeouts: {implicit: 0, pageLoad: 300000, script: 30000}, unhandledPromptBehavior: dismiss and notify, webauthn:extension:credBlob: true, webauthn:extension:largeBlob: true, webauthn:extension:minPinLength: true, webauthn:extension:prf: true, webauthn:virtualAuthenticators: true}
Element: [[ChromeDriver: chrome on windows (d44e252a26c82678bf24ed1c51da7e7d)] -> xpath: /html/body/div[2]/main/div/nav/div/ul/li[1]/div/div/ul/div[1]/div[2]/div/div/div/li[1]/div/div[1]/a/div/div/p]
Session ID: d44e252a26c82678bf24ed1c51da7e7d]]>
            </message>
            <full-stacktrace>
              <![CDATA[org.openqa.selenium.StaleElementReferenceException: stale element reference: stale element not found in the current frame
  (Session info: chrome=142.0.7444.176)
For documentation on this error, please visit: https://www.selenium.dev/documentation/webdriver/troubleshooting/errors#stale-element-reference-exception
Build info: version: '4.23.0', revision: '4df0a231af'
System info: os.name: 'Windows 11', os.arch: 'amd64', os.version: '10.0', java.version: '21.0.8'
Driver info: org.openqa.selenium.chrome.ChromeDriver
Command: [d44e252a26c82678bf24ed1c51da7e7d, isElementDisplayed {id=f.E86C0B1B8892597B54AA6E672998551F.d.D0D50A9EB1D8B02630AB2B0F6D6EAABC.e.59}]
Capabilities {acceptInsecureCerts: false, browserName: chrome, browserVersion: 142.0.7444.176, chrome: {chromedriverVersion: 142.0.7444.162 (c076baf266c..., userDataDir: C:\Users\PC\AppData\Local\T...}, fedcm:accounts: true, goog:chromeOptions: {debuggerAddress: localhost:55933}, goog:processID: 7548, networkConnectionEnabled: false, pageLoadStrategy: normal, platformName: windows, proxy: Proxy(), se:cdp: ws://localhost:55933/devtoo..., se:cdpVersion: 142.0.7444.176, setWindowRect: true, strictFileInteractability: false, timeouts: {implicit: 0, pageLoad: 300000, script: 30000}, unhandledPromptBehavior: dismiss and notify, webauthn:extension:credBlob: true, webauthn:extension:largeBlob: true, webauthn:extension:minPinLength: true, webauthn:extension:prf: true, webauthn:virtualAuthenticators: true}
Element: [[ChromeDriver: chrome on windows (d44e252a26c82678bf24ed1c51da7e7d)] -> xpath: /html/body/div[2]/main/div/nav/div/ul/li[1]/div/div/ul/div[1]/div[2]/div/div/div/li[1]/div/div[1]/a/div/div/p]
Session ID: d44e252a26c82678bf24ed1c51da7e7d
at java.base/jdk.internal.reflect.DirectConstructorHandleAccessor.newInstance(DirectConstructorHandleAccessor.java:62)
at java.base/java.lang.reflect.Constructor.newInstanceWithCaller(Constructor.java:502)
at java.base/java.lang.reflect.Constructor.newInstance(Constructor.java:486)
at org.openqa.selenium.remote.ErrorCodec.decode(ErrorCodec.java:167)
at org.openqa.selenium.remote.codec.w3c.W3CHttpResponseCodec.decode(W3CHttpResponseCodec.java:138)
at org.openqa.selenium.remote.codec.w3c.W3CHttpResponseCodec.decode(W3CHttpResponseCodec.java:50)
at org.openqa.selenium.remote.HttpCommandExecutor.execute(HttpCommandExecutor.java:190)
at org.openqa.selenium.remote.service.DriverCommandExecutor.invokeExecute(DriverCommandExecutor.java:216)
at org.openqa.selenium.remote.service.DriverCommandExecutor.execute(DriverCommandExecutor.java:174)
at org.openqa.selenium.remote.RemoteWebDriver.execute(RemoteWebDriver.java:527)
at org.openqa.selenium.remote.RemoteWebElement.execute(RemoteWebElement.java:223)
at org.openqa.selenium.remote.RemoteWebElement.isDisplayed(RemoteWebElement.java:282)
at TG.Pages.ThongBaoPage.checkSearchND(ThongBaoPage.java:110)
at TG.Testcases.TKThongBaoTest.TC03_SearchND(TKThongBaoTest.java:118)
at java.base/jdk.internal.reflect.DirectMethodHandleAccessor.invoke(DirectMethodHandleAccessor.java:103)
at java.base/java.lang.reflect.Method.invoke(Method.java:580)
at org.testng.internal.invokers.MethodInvocationHelper.invokeMethod(MethodInvocationHelper.java:141)
at org.testng.internal.invokers.TestInvoker.invokeMethod(TestInvoker.java:687)
at org.testng.internal.invokers.TestInvoker.invokeTestMethod(TestInvoker.java:230)
at org.testng.internal.invokers.MethodRunner.runInSequence(MethodRunner.java:63)
at org.testng.internal.invokers.TestInvoker$MethodInvocationAgent.invoke(TestInvoker.java:995)
at org.testng.internal.invokers.TestInvoker.invokeTestMethods(TestInvoker.java:203)
at org.testng.internal.invokers.TestMethodWorker.invokeTestMethods(TestMethodWorker.java:154)
at org.testng.internal.invokers.TestMethodWorker.run(TestMethodWorker.java:134)
at java.base/java.util.ArrayList.forEach(ArrayList.java:1596)
at org.testng.TestRunner.privateRun(TestRunner.java:741)
at org.testng.TestRunner.run(TestRunner.java:616)
at org.testng.SuiteRunner.runTest(SuiteRunner.java:421)
at org.testng.SuiteRunner.runSequentially(SuiteRunner.java:413)
at org.testng.SuiteRunner.privateRun(SuiteRunner.java:373)
at org.testng.SuiteRunner.run(SuiteRunner.java:312)
at org.testng.SuiteRunnerWorker.runSuite(SuiteRunnerWorker.java:52)
at org.testng.SuiteRunnerWorker.run(SuiteRunnerWorker.java:95)
at org.testng.TestNG.runSuitesSequentially(TestNG.java:1274)
at org.testng.TestNG.runSuitesLocally(TestNG.java:1208)
at org.testng.TestNG.runSuites(TestNG.java:1112)
at org.testng.TestNG.run(TestNG.java:1079)
at org.testng.remote.AbstractRemoteTestNG.run(AbstractRemoteTestNG.java:115)
at org.testng.remote.RemoteTestNG.initAndRun(RemoteTestNG.java:293)
at org.testng.remote.RemoteTestNG.main(RemoteTestNG.java:91)
]]>
            </full-stacktrace>
          </exception> <!-- org.openqa.selenium.StaleElementReferenceException -->
          <reporter-output>
          </reporter-output>
        </test-method> <!-- TC03_SearchND -->
        <test-method is-config="true" signature="tearDown()[pri:0, instance:TG.Testcases.TKThongBaoTest@12299890]" started-at="2025-11-24T21:37:23 ICT" name="tearDown" finished-at="2025-11-24T21:37:24 ICT" duration-ms="218" status="PASS">
          <reporter-output>
          </reporter-output>
        </test-method> <!-- tearDown -->
      </class> <!-- TG.Testcases.TKThongBaoTest -->
    </test> <!-- Default test -->
  </suite> <!-- Default suite -->
</testng-results>
